<?xml version="1.0" encoding="UTF-8"?>
<!-- Generated by org.testng.reporters.JUnitReportReporter -->
<testsuite hostname="LAPTOP-QQAI18EO" failures="0" tests="1" name="com.test.LoginTest" time="5.201" errors="0" timestamp="2025-04-03T09:12:42 IST" skipped="0">
  <testcase classname="com.test.LoginTest" name="verifyTest1" time="5.201"/>
  <system-out/>
</testsuite> <!-- com.test.LoginTest -->
