<?xml version="1.0" encoding="UTF-8"?>
<!-- Generated by org.testng.reporters.JUnitReportReporter -->
<testsuite hostname="LAPTOP-QQAI18EO" failures="0" tests="1" name="com.test.ProductTest" time="0.811" errors="0" timestamp="2025-04-03T09:12:42 IST" skipped="0">
  <testcase classname="com.test.ProductTest" name="backTOLogin" time="0.811"/>
  <system-out/>
</testsuite> <!-- com.test.ProductTest -->
