<?xml version="1.0" encoding="UTF-8"?>
<!-- Generated by org.testng.reporters.JUnitReportReporter -->
<testsuite hostname="LAPTOP-QQAI18EO" failures="0" tests="1" name="com.test.ProductTest" time="1.347" errors="0" timestamp="2025-04-02T10:18:12 IST" skipped="0">
  <testcase classname="com.test.ProductTest" name="backTOLogin" time="1.347"/>
</testsuite> <!-- com.test.ProductTest -->
